"w"			"+forward"
"UPARROW"		"+forward"
"s"			"+back"
"DOWNARROW"		"+back"
"LEFTARROW"		"+left"
"RIGHTARROW"		"+right"
"a"			"+moveleft"
","			"+moveleft"
"d"			"+moveright"
"."			"+moveright"
"SPACE"			"+jump"
"CTRL"			"+duck"
"ALT"			"prone"
"TAB"			"+showscores"
"e"			"+use"
"b"			"usebandage"
"x"			"firemode"
"f"			"useskill treat"
"q"			"useskill marker"
"c"			"useskill hospice"
"PGUP"			"+lookup"
"PGDN"			"+lookdown"
"END"			"centerview"
"/"			"+strafe"
"INS"			"+klook"
";"			"+mlook"
"z"			"+reload"
"SHIFT"			"+speed"
"MOUSE1"		"+attack"
"ENTER"			"+attack"
"MOUSE2"		"+attack2"
"\"			"+attack2"
"o"			"impulse 100"
"1"			"slot1"
"2"			"slot2"
"3"			"slot3"
"4"			"slot4"
"5"			"slot5"
"6"			"slot6"
"7"			"slot7"
"8"			"slot8"
"9"			"slot9"
"0"			"slot10"
"MWHEELUP"		"invprev"
"["			"invprev"
"MWHEELDOWN"		"invnext"
"]"			"invnext"
"q"			"lastinv"
"F5"			"snapshot"
"F6"			"save quick"
"F7"			"load quick"
"F10"			"quit prompt"
"PAUSE"			"pause"
"ESCAPE"		"escape"
"~"			"toggleconsole"
"`"			"toggleconsole"
"+"			"sizeup"
"="			"sizeup"
"-"			"sizedown"
"t"			"impulse 201"
"y"			"messagemode"
"u"			"messagemode2"
"s"			"showskills"
"u"			"useskill"
"r"			"radio"
